2025.01.21 at 16:32:19 JST
-------------------------------------------------------

      Make Potential Energy Surface for SINDO
                         Version 4.0
                         Release 0602

                COPYRIGHT 2022:  
                   Kiyoshi Yagi  kiyoshi.yagi@riken.jp 

-------------------------------------------------------

Launch MakePES module

  o Input options read via makeGRID.xml ...  [OK] 
     - Molecular info via co2.minfo ...  [OK] 
     - Minfo_folder = minfo.files/
     - InterDomain  = false
     - ActiveModes:
        * Domain 1
            1   2   3   4 
     - Dipole  = true

  o Options for Quantum Chemistry jobs 

    QCID: 1
     - Program      = generic
     - Title        = B3LYP/cc-pVDZ
     - xyzfile      = makeGrid

  o Options for Grid 

     - QCID         = 1
     - MR           = 1
     - FullMC       = true

Setup MakeGrid module

  o ngrid =    11 
  o 1MR Grid: 
      1 2 3 4 

Enter GridPES generation:

   Warning: makeGrid.xyz already exists.
   Warning: Renamed to makeGrid.xyz_1

   Writing the coordinates of grid points to makeGrid.xyz

   Done! Number of grid points:  41


End of GridPES generation:

